<?xml version="1.0" encoding="utf-8"?><testsuites name="pytest tests"><testsuite name="pytest" errors="0" failures="0" skipped="0" tests="5" time="2.742" timestamp="2026-06-11T02:00:43.904113+00:00" hostname="agent-env-901b4efc-f905-4459-9408-e4b884c73d9e"><testcase classname="tests.test_batch_a_race_safety" name="test_1_double_click_publish_race" time="0.289" /><testcase classname="tests.test_batch_a_race_safety" name="test_2_bulk_publish_no_backdoor" time="0.034" /><testcase classname="tests.test_batch_a_race_safety" name="test_3_razorpay_verify_payment_race" time="0.030" /><testcase classname="tests.test_batch_a_race_safety" name="test_4_gift_code_redemption_race" time="0.038" /><testcase classname="tests.test_batch_a_race_safety" name="test_5_bulk_purge_refund" time="2.184" /></testsuite></testsuites>